Python Interpreter = /nfs/users/ext_amaya.dharmasiri/miniconda3/envs/dassl/bin/python
which nvcc =  /usr/local/cuda/bin/nvcc
nvcc --version =  nvcc: NVIDIA (R) Cuda compiler driver Copyright (c) 2005-2020 NVIDIA Corporation Built on Wed_Jul_22_19:09:09_PDT_2020 Cuda compilation tools, release 11.0, V11.0.221 Build cuda_11.0_bu.TC445_37.28845127_0
CUDA_VISIBLE_DEVICES =  0,1,2,3,4,5,6,7,8,9,10,11,12,13,14,15
+ DATA=/nfs/users/ext_amaya.dharmasiri/repos/VL-LTR/data
+ TRAINER=CoOp
+ SHOTS=16
+ NCTX=16
+ CSC=False
+ CTP=end
+ DATASET=imagenetLT
+ CFG=rn50_cvlp/rn50_clip_cvlp
+ for SEED in 1 2 3
+ /nfs/users/ext_amaya.dharmasiri/miniconda3/envs/dassl/bin/python -u train.py --root /nfs/users/ext_amaya.dharmasiri/repos/VL-LTR/data --seed 1 --trainer CoOp --dataset-config-file configs/datasets/imagenetLT.yaml --config-file configs/trainers/CoOp/rn50_cvlp/rn50_clip_cvlp.yaml --output-dir output/evaluation/CoOp/rn50_cvlp/rn50_clip_cvlp_16shots/nctx16_cscFalse_ctpend/imagenetLT/seed1 --model-dir output/imagenetLT/CoOp/rn50_cvlp/rn50_clip_cvlp_16shots/nctx16_cscFalse_ctpend/seed1 --load-epoch 200 --eval-only TRAINER.COOP.N_CTX 16 TRAINER.COOP.CSC False TRAINER.COOP.CLASS_TOKEN_POSITION end
/nfs/users/ext_amaya.dharmasiri/repos/CoOp/clip/clip.py:23: UserWarning: PyTorch version 1.7.1 or higher is recommended
  warnings.warn("PyTorch version 1.7.1 or higher is recommended")
Traceback (most recent call last):
  File "train.py", line 211, in <module>
    main(args)
  File "train.py", line 133, in main
    cfg = setup_cfg(args)
  File "train.py", line 119, in setup_cfg
    cfg.merge_from_file(args.config_file)
  File "/nfs/users/ext_amaya.dharmasiri/miniconda3/envs/dassl/lib/python3.8/site-packages/yacs/config.py", line 213, in merge_from_file
    self.merge_from_other_cfg(cfg)
  File "/nfs/users/ext_amaya.dharmasiri/miniconda3/envs/dassl/lib/python3.8/site-packages/yacs/config.py", line 217, in merge_from_other_cfg
    _merge_a_into_b(cfg_other, self, self, [])
  File "/nfs/users/ext_amaya.dharmasiri/miniconda3/envs/dassl/lib/python3.8/site-packages/yacs/config.py", line 478, in _merge_a_into_b
    _merge_a_into_b(v, b[k], root, key_list + [k])
  File "/nfs/users/ext_amaya.dharmasiri/miniconda3/envs/dassl/lib/python3.8/site-packages/yacs/config.py", line 478, in _merge_a_into_b
    _merge_a_into_b(v, b[k], root, key_list + [k])
  File "/nfs/users/ext_amaya.dharmasiri/miniconda3/envs/dassl/lib/python3.8/site-packages/yacs/config.py", line 491, in _merge_a_into_b
    raise KeyError("Non-existent config key: {}".format(full_key))
KeyError: 'Non-existent config key: MODEL.BACKBONE.PRETRAINED_PATH'
+ for SEED in 1 2 3
+ /nfs/users/ext_amaya.dharmasiri/miniconda3/envs/dassl/bin/python -u train.py --root /nfs/users/ext_amaya.dharmasiri/repos/VL-LTR/data --seed 2 --trainer CoOp --dataset-config-file configs/datasets/imagenetLT.yaml --config-file configs/trainers/CoOp/rn50_cvlp/rn50_clip_cvlp.yaml --output-dir output/evaluation/CoOp/rn50_cvlp/rn50_clip_cvlp_16shots/nctx16_cscFalse_ctpend/imagenetLT/seed2 --model-dir output/imagenetLT/CoOp/rn50_cvlp/rn50_clip_cvlp_16shots/nctx16_cscFalse_ctpend/seed2 --load-epoch 200 --eval-only TRAINER.COOP.N_CTX 16 TRAINER.COOP.CSC False TRAINER.COOP.CLASS_TOKEN_POSITION end
/nfs/users/ext_amaya.dharmasiri/repos/CoOp/clip/clip.py:23: UserWarning: PyTorch version 1.7.1 or higher is recommended
  warnings.warn("PyTorch version 1.7.1 or higher is recommended")
Traceback (most recent call last):
  File "train.py", line 211, in <module>
    main(args)
  File "train.py", line 133, in main
    cfg = setup_cfg(args)
  File "train.py", line 119, in setup_cfg
    cfg.merge_from_file(args.config_file)
  File "/nfs/users/ext_amaya.dharmasiri/miniconda3/envs/dassl/lib/python3.8/site-packages/yacs/config.py", line 213, in merge_from_file
    self.merge_from_other_cfg(cfg)
  File "/nfs/users/ext_amaya.dharmasiri/miniconda3/envs/dassl/lib/python3.8/site-packages/yacs/config.py", line 217, in merge_from_other_cfg
    _merge_a_into_b(cfg_other, self, self, [])
  File "/nfs/users/ext_amaya.dharmasiri/miniconda3/envs/dassl/lib/python3.8/site-packages/yacs/config.py", line 478, in _merge_a_into_b
    _merge_a_into_b(v, b[k], root, key_list + [k])
  File "/nfs/users/ext_amaya.dharmasiri/miniconda3/envs/dassl/lib/python3.8/site-packages/yacs/config.py", line 478, in _merge_a_into_b
    _merge_a_into_b(v, b[k], root, key_list + [k])
  File "/nfs/users/ext_amaya.dharmasiri/miniconda3/envs/dassl/lib/python3.8/site-packages/yacs/config.py", line 491, in _merge_a_into_b
    raise KeyError("Non-existent config key: {}".format(full_key))
KeyError: 'Non-existent config key: MODEL.BACKBONE.PRETRAINED_PATH'
+ for SEED in 1 2 3
+ /nfs/users/ext_amaya.dharmasiri/miniconda3/envs/dassl/bin/python -u train.py --root /nfs/users/ext_amaya.dharmasiri/repos/VL-LTR/data --seed 3 --trainer CoOp --dataset-config-file configs/datasets/imagenetLT.yaml --config-file configs/trainers/CoOp/rn50_cvlp/rn50_clip_cvlp.yaml --output-dir output/evaluation/CoOp/rn50_cvlp/rn50_clip_cvlp_16shots/nctx16_cscFalse_ctpend/imagenetLT/seed3 --model-dir output/imagenetLT/CoOp/rn50_cvlp/rn50_clip_cvlp_16shots/nctx16_cscFalse_ctpend/seed3 --load-epoch 200 --eval-only TRAINER.COOP.N_CTX 16 TRAINER.COOP.CSC False TRAINER.COOP.CLASS_TOKEN_POSITION end
/nfs/users/ext_amaya.dharmasiri/repos/CoOp/clip/clip.py:23: UserWarning: PyTorch version 1.7.1 or higher is recommended
  warnings.warn("PyTorch version 1.7.1 or higher is recommended")
Traceback (most recent call last):
  File "train.py", line 211, in <module>
    main(args)
  File "train.py", line 133, in main
    cfg = setup_cfg(args)
  File "train.py", line 119, in setup_cfg
    cfg.merge_from_file(args.config_file)
  File "/nfs/users/ext_amaya.dharmasiri/miniconda3/envs/dassl/lib/python3.8/site-packages/yacs/config.py", line 213, in merge_from_file
    self.merge_from_other_cfg(cfg)
  File "/nfs/users/ext_amaya.dharmasiri/miniconda3/envs/dassl/lib/python3.8/site-packages/yacs/config.py", line 217, in merge_from_other_cfg
    _merge_a_into_b(cfg_other, self, self, [])
  File "/nfs/users/ext_amaya.dharmasiri/miniconda3/envs/dassl/lib/python3.8/site-packages/yacs/config.py", line 478, in _merge_a_into_b
    _merge_a_into_b(v, b[k], root, key_list + [k])
  File "/nfs/users/ext_amaya.dharmasiri/miniconda3/envs/dassl/lib/python3.8/site-packages/yacs/config.py", line 478, in _merge_a_into_b
    _merge_a_into_b(v, b[k], root, key_list + [k])
  File "/nfs/users/ext_amaya.dharmasiri/miniconda3/envs/dassl/lib/python3.8/site-packages/yacs/config.py", line 491, in _merge_a_into_b
    raise KeyError("Non-existent config key: {}".format(full_key))
KeyError: 'Non-existent config key: MODEL.BACKBONE.PRETRAINED_PATH'
