Python Interpreter = /nfs/users/ext_amaya.dharmasiri/miniconda3/envs/dassl/bin/python
which nvcc =  /usr/local/cuda/bin/nvcc
nvcc --version =  nvcc: NVIDIA (R) Cuda compiler driver Copyright (c) 2005-2020 NVIDIA Corporation Built on Wed_Jul_22_19:09:09_PDT_2020 Cuda compilation tools, release 11.0, V11.0.221 Build cuda_11.0_bu.TC445_37.28845127_0
CUDA_VISIBLE_DEVICES =  0,1,2,3,4,5,6,7,8,9,10,11,12,13,14,15
+ DATA=/nfs/users/ext_amaya.dharmasiri/repos/VL-LTR/data
+ TRAINER=CoOp
+ DATASET=imagenetLT
+ CFG=rn50_cvlp/rn50_nocvlp
+ CTP=end
+ NCTX=8
+ SHOTS=0
+ CSC=False
+ RUN=originalclip_completeimagenetLT
+ for SEED in 1
+ DIR=output/imagenetLT/CoOp/originalclip_completeimagenetLT/rn50_cvlp/rn50_nocvlp_0shots/nctx8_cscFalse_ctpend/seed1
+ '[' -d output/imagenetLT/CoOp/originalclip_completeimagenetLT/rn50_cvlp/rn50_nocvlp_0shots/nctx8_cscFalse_ctpend/seed1 ']'
+ /nfs/users/ext_amaya.dharmasiri/miniconda3/envs/dassl/bin/python -u train.py --root /nfs/users/ext_amaya.dharmasiri/repos/VL-LTR/data --seed 1 --trainer CoOp --dataset-config-file configs/datasets/imagenetLT.yaml --config-file configs/trainers/CoOp/rn50_cvlp/rn50_nocvlp.yaml --output-dir output/imagenetLT/CoOp/originalclip_completeimagenetLT/rn50_cvlp/rn50_nocvlp_0shots/nctx8_cscFalse_ctpend/seed1 --resume output/imagenetLT/CoOp/originalclip_completeimagenetLT/rn50_cvlp/rn50_nocvlp_0shots/nctx8_cscFalse_ctpend/seed1/prompt_learner --run originalclip_completeimagenetLT TRAINER.COOP.N_CTX 8 TRAINER.COOP.CSC False TRAINER.COOP.CLASS_TOKEN_POSITION end DATASET.NUM_SHOTS 0
/nfs/users/ext_amaya.dharmasiri/repos/CoOp/clip/clip.py:23: UserWarning: PyTorch version 1.7.1 or higher is recommended
  warnings.warn("PyTorch version 1.7.1 or higher is recommended")
DATALOADER:
  K_TRANSFORMS: 1
  NUM_WORKERS: 8
  RETURN_IMG0: False
  TEST:
    BATCH_SIZE: 100
    SAMPLER: SequentialSampler
  TRAIN_U:
    BATCH_SIZE: 32
    N_DOMAIN: 0
    N_INS: 16
    SAME_AS_X: True
    SAMPLER: RandomSampler
  TRAIN_X:
    BATCH_SIZE: 32
    N_DOMAIN: 0
    N_INS: 16
    SAMPLER: RandomSampler
DATASET:
  ALL_AS_UNLABELED: False
  CIFAR_C_LEVEL: 1
  CIFAR_C_TYPE: 
  NAME: imageNetLT
  NUM_LABELED: -1
  NUM_SHOTS: 0
  ROOT: /nfs/users/ext_amaya.dharmasiri/repos/VL-LTR/data
  SOURCE_DOMAINS: ()
  STL10_FOLD: -1
  SUBSAMPLE_CLASSES: all
  TARGET_DOMAINS: ()
  VAL_PERCENT: 0.1
INPUT:
  COLORJITTER_B: 0.4
  COLORJITTER_C: 0.4
  COLORJITTER_H: 0.1
  COLORJITTER_S: 0.4
  CROP_PADDING: 4
  CUTOUT_LEN: 16
  CUTOUT_N: 1
  GB_K: 21
  GB_P: 0.5
  GN_MEAN: 0.0
  GN_STD: 0.15
  INTERPOLATION: bicubic
  NO_TRANSFORM: False
  PIXEL_MEAN: [0.48145466, 0.4578275, 0.40821073]
  PIXEL_STD: [0.26862954, 0.26130258, 0.27577711]
  RANDAUGMENT_M: 10
  RANDAUGMENT_N: 2
  RGS_P: 0.2
  RRCROP_SCALE: (0.08, 1.0)
  SIZE: (224, 224)
  TRANSFORMS: ('random_resized_crop', 'random_flip', 'normalize')
MODEL:
  BACKBONE:
    NAME: RN50
    PRETRAINED: False
    PRETRAINED_PATH: None
  HEAD:
    ACTIVATION: relu
    BN: True
    DROPOUT: 0.0
    HIDDEN_LAYERS: ()
    NAME: 
  INIT_WEIGHTS: 
OPTIM:
  ADAM_BETA1: 0.9
  ADAM_BETA2: 0.999
  BASE_LR_MULT: 0.1
  GAMMA: 0.1
  LR: 0.002
  LR_SCHEDULER: cosine
  MAX_EPOCH: 50
  MOMENTUM: 0.9
  NAME: sgd
  NEW_LAYERS: ()
  RMSPROP_ALPHA: 0.99
  SGD_DAMPNING: 0
  SGD_NESTEROV: False
  STAGED_LR: False
  STEPSIZE: (-1,)
  WARMUP_CONS_LR: 1e-05
  WARMUP_EPOCH: 1
  WARMUP_MIN_LR: 1e-05
  WARMUP_RECOUNT: True
  WARMUP_TYPE: constant
  WEIGHT_DECAY: 0.0005
OUTPUT_DIR: output/imagenetLT/CoOp/originalclip_completeimagenetLT/rn50_cvlp/rn50_nocvlp_0shots/nctx8_cscFalse_ctpend/seed1
RESUME: output/imagenetLT/CoOp/originalclip_completeimagenetLT/rn50_cvlp/rn50_nocvlp_0shots/nctx8_cscFalse_ctpend/seed1/prompt_learner
SEED: 1
TEST:
  COMPUTE_CMAT: False
  EVALUATOR: Classification
  FINAL_MODEL: last_step
  NO_TEST: False
  PER_CLASS_RESULT: True
  SPLIT: test
TRAIN:
  CHECKPOINT_FREQ: 1
  COUNT_ITER: train_x
  PRINT_FREQ: 5
TRAINER:
  CDAC:
    CLASS_LR_MULTI: 10
    P_THRESH: 0.95
    RAMPUP_COEF: 30
    RAMPUP_ITRS: 1000
    STRONG_TRANSFORMS: ()
    TOPK_MATCH: 5
  COCOOP:
    CTX_INIT: 
    N_CTX: 16
    PREC: fp16
  COOP:
    CLASS_TOKEN_POSITION: end
    CSC: False
    CTX_INIT: 
    N_CTX: 8
    PREC: fp16
  CROSSGRAD:
    ALPHA_D: 0.5
    ALPHA_F: 0.5
    EPS_D: 1.0
    EPS_F: 1.0
  DAEL:
    CONF_THRE: 0.95
    STRONG_TRANSFORMS: ()
    WEIGHT_U: 0.5
  DAELDG:
    CONF_THRE: 0.95
    STRONG_TRANSFORMS: ()
    WEIGHT_U: 0.5
  DDAIG:
    ALPHA: 0.5
    CLAMP: False
    CLAMP_MAX: 1.0
    CLAMP_MIN: -1.0
    G_ARCH: 
    LMDA: 0.3
    WARMUP: 0
  DOMAINMIX:
    ALPHA: 1.0
    BETA: 1.0
    TYPE: crossdomain
  ENTMIN:
    LMDA: 0.001
  FIXMATCH:
    CONF_THRE: 0.95
    STRONG_TRANSFORMS: ()
    WEIGHT_U: 1.0
  M3SDA:
    LMDA: 0.5
    N_STEP_F: 4
  MCD:
    N_STEP_F: 4
  MEANTEACHER:
    EMA_ALPHA: 0.999
    RAMPUP: 5
    WEIGHT_U: 1.0
  MIXMATCH:
    MIXUP_BETA: 0.75
    RAMPUP: 20000
    TEMP: 2.0
    WEIGHT_U: 100.0
  MME:
    LMDA: 0.1
  NAME: CoOp
  SE:
    CONF_THRE: 0.95
    EMA_ALPHA: 0.999
    RAMPUP: 300
USE_CUDA: True
VERBOSE: True
VERSION: 1
Setting fixed seed: 1
***************
** Arguments **
***************
backbone: 
config_file: configs/trainers/CoOp/rn50_cvlp/rn50_nocvlp.yaml
dataset_config_file: configs/datasets/imagenetLT.yaml
eval_only: False
head: 
load_epoch: None
model_dir: 
no_train: False
opts: ['TRAINER.COOP.N_CTX', '8', 'TRAINER.COOP.CSC', 'False', 'TRAINER.COOP.CLASS_TOKEN_POSITION', 'end', 'DATASET.NUM_SHOTS', '0']
output_dir: output/imagenetLT/CoOp/originalclip_completeimagenetLT/rn50_cvlp/rn50_nocvlp_0shots/nctx8_cscFalse_ctpend/seed1
pretrained_backbone: None
resume: output/imagenetLT/CoOp/originalclip_completeimagenetLT/rn50_cvlp/rn50_nocvlp_0shots/nctx8_cscFalse_ctpend/seed1/prompt_learner
root: /nfs/users/ext_amaya.dharmasiri/repos/VL-LTR/data
run: originalclip_completeimagenetLT
seed: 1
source_domains: None
target_domains: None
trainer: CoOp
transforms: None
************
** Config **
************
DATALOADER:
  K_TRANSFORMS: 1
  NUM_WORKERS: 8
  RETURN_IMG0: False
  TEST:
    BATCH_SIZE: 100
    SAMPLER: SequentialSampler
  TRAIN_U:
    BATCH_SIZE: 32
    N_DOMAIN: 0
    N_INS: 16
    SAME_AS_X: True
    SAMPLER: RandomSampler
  TRAIN_X:
    BATCH_SIZE: 32
    N_DOMAIN: 0
    N_INS: 16
    SAMPLER: RandomSampler
DATASET:
  ALL_AS_UNLABELED: False
  CIFAR_C_LEVEL: 1
  CIFAR_C_TYPE: 
  NAME: imageNetLT
  NUM_LABELED: -1
  NUM_SHOTS: 0
  ROOT: /nfs/users/ext_amaya.dharmasiri/repos/VL-LTR/data
  SOURCE_DOMAINS: ()
  STL10_FOLD: -1
  SUBSAMPLE_CLASSES: all
  TARGET_DOMAINS: ()
  VAL_PERCENT: 0.1
INPUT:
  COLORJITTER_B: 0.4
  COLORJITTER_C: 0.4
  COLORJITTER_H: 0.1
  COLORJITTER_S: 0.4
  CROP_PADDING: 4
  CUTOUT_LEN: 16
  CUTOUT_N: 1
  GB_K: 21
  GB_P: 0.5
  GN_MEAN: 0.0
  GN_STD: 0.15
  INTERPOLATION: bicubic
  NO_TRANSFORM: False
  PIXEL_MEAN: [0.48145466, 0.4578275, 0.40821073]
  PIXEL_STD: [0.26862954, 0.26130258, 0.27577711]
  RANDAUGMENT_M: 10
  RANDAUGMENT_N: 2
  RGS_P: 0.2
  RRCROP_SCALE: (0.08, 1.0)
  SIZE: (224, 224)
  TRANSFORMS: ('random_resized_crop', 'random_flip', 'normalize')
MODEL:
  BACKBONE:
    NAME: RN50
    PRETRAINED: False
    PRETRAINED_PATH: None
  HEAD:
    ACTIVATION: relu
    BN: True
    DROPOUT: 0.0
    HIDDEN_LAYERS: ()
    NAME: 
  INIT_WEIGHTS: 
OPTIM:
  ADAM_BETA1: 0.9
  ADAM_BETA2: 0.999
  BASE_LR_MULT: 0.1
  GAMMA: 0.1
  LR: 0.002
  LR_SCHEDULER: cosine
  MAX_EPOCH: 50
  MOMENTUM: 0.9
  NAME: sgd
  NEW_LAYERS: ()
  RMSPROP_ALPHA: 0.99
  SGD_DAMPNING: 0
  SGD_NESTEROV: False
  STAGED_LR: False
  STEPSIZE: (-1,)
  WARMUP_CONS_LR: 1e-05
  WARMUP_EPOCH: 1
  WARMUP_MIN_LR: 1e-05
  WARMUP_RECOUNT: True
  WARMUP_TYPE: constant
  WEIGHT_DECAY: 0.0005
OUTPUT_DIR: output/imagenetLT/CoOp/originalclip_completeimagenetLT/rn50_cvlp/rn50_nocvlp_0shots/nctx8_cscFalse_ctpend/seed1
RESUME: output/imagenetLT/CoOp/originalclip_completeimagenetLT/rn50_cvlp/rn50_nocvlp_0shots/nctx8_cscFalse_ctpend/seed1/prompt_learner
SEED: 1
TEST:
  COMPUTE_CMAT: False
  EVALUATOR: Classification
  FINAL_MODEL: last_step
  NO_TEST: False
  PER_CLASS_RESULT: True
  SPLIT: test
TRAIN:
  CHECKPOINT_FREQ: 1
  COUNT_ITER: train_x
  PRINT_FREQ: 5
TRAINER:
  CDAC:
    CLASS_LR_MULTI: 10
    P_THRESH: 0.95
    RAMPUP_COEF: 30
    RAMPUP_ITRS: 1000
    STRONG_TRANSFORMS: ()
    TOPK_MATCH: 5
  COCOOP:
    CTX_INIT: 
    N_CTX: 16
    PREC: fp16
  COOP:
    CLASS_TOKEN_POSITION: end
    CSC: False
    CTX_INIT: 
    N_CTX: 8
    PREC: fp16
  CROSSGRAD:
    ALPHA_D: 0.5
    ALPHA_F: 0.5
    EPS_D: 1.0
    EPS_F: 1.0
  DAEL:
    CONF_THRE: 0.95
    STRONG_TRANSFORMS: ()
    WEIGHT_U: 0.5
  DAELDG:
    CONF_THRE: 0.95
    STRONG_TRANSFORMS: ()
    WEIGHT_U: 0.5
  DDAIG:
    ALPHA: 0.5
    CLAMP: False
    CLAMP_MAX: 1.0
    CLAMP_MIN: -1.0
    G_ARCH: 
    LMDA: 0.3
    WARMUP: 0
  DOMAINMIX:
    ALPHA: 1.0
    BETA: 1.0
    TYPE: crossdomain
  ENTMIN:
    LMDA: 0.001
  FIXMATCH:
    CONF_THRE: 0.95
    STRONG_TRANSFORMS: ()
    WEIGHT_U: 1.0
  M3SDA:
    LMDA: 0.5
    N_STEP_F: 4
  MCD:
    N_STEP_F: 4
  MEANTEACHER:
    EMA_ALPHA: 0.999
    RAMPUP: 5
    WEIGHT_U: 1.0
  MIXMATCH:
    MIXUP_BETA: 0.75
    RAMPUP: 20000
    TEMP: 2.0
    WEIGHT_U: 100.0
  MME:
    LMDA: 0.1
  NAME: CoOp
  SE:
    CONF_THRE: 0.95
    EMA_ALPHA: 0.999
    RAMPUP: 300
USE_CUDA: True
VERBOSE: True
VERSION: 1
Collecting env info ...
** System info **
PyTorch version: 1.12.1
Is debug build: False
CUDA used to build PyTorch: 10.2
ROCM used to build PyTorch: N/A

OS: Ubuntu 18.04.6 LTS (x86_64)
GCC version: (Ubuntu 7.5.0-3ubuntu1~18.04) 7.5.0
Clang version: Could not collect
CMake version: version 3.10.2
Libc version: glibc-2.27

Python version: 3.8.13 (default, Mar 28 2022, 11:38:47)  [GCC 7.5.0] (64-bit runtime)
Python platform: Linux-4.15.0-166-generic-x86_64-with-glibc2.17
Is CUDA available: True
CUDA runtime version: 11.0.221
GPU models and configuration: 
GPU 0: Tesla V100-SXM3-32GB
GPU 1: Tesla V100-SXM3-32GB
GPU 2: Tesla V100-SXM3-32GB
GPU 3: Tesla V100-SXM3-32GB
GPU 4: Tesla V100-SXM3-32GB
GPU 5: Tesla V100-SXM3-32GB
GPU 6: Tesla V100-SXM3-32GB
GPU 7: Tesla V100-SXM3-32GB
GPU 8: Tesla V100-SXM3-32GB
GPU 9: Tesla V100-SXM3-32GB
GPU 10: Tesla V100-SXM3-32GB
GPU 11: Tesla V100-SXM3-32GB
GPU 12: Tesla V100-SXM3-32GB
GPU 13: Tesla V100-SXM3-32GB
GPU 14: Tesla V100-SXM3-32GB
GPU 15: Tesla V100-SXM3-32GB

Nvidia driver version: 450.156.00
cuDNN version: Could not collect
HIP runtime version: N/A
MIOpen runtime version: N/A
Is XNNPACK available: True

Versions of relevant libraries:
[pip3] numpy==1.23.1
[pip3] torch==1.12.1
[pip3] torchvision==0.13.1
[conda] blas                      1.0                         mkl  
[conda] cudatoolkit               10.2.89              hfd86e86_1  
[conda] ffmpeg                    4.3                  hf484d3e_0    pytorch
[conda] mkl                       2021.4.0           h06a4308_640  
[conda] mkl-service               2.4.0            py38h7f8727e_0  
[conda] mkl_fft                   1.3.1            py38hd3c417c_0  
[conda] mkl_random                1.2.2            py38h51133e4_0  
[conda] numpy                     1.23.1           py38h6c91a56_0  
[conda] numpy-base                1.23.1           py38ha15fc14_0  
[conda] pytorch                   1.12.1          py3.8_cuda10.2_cudnn7.6.5_0    pytorch
[conda] pytorch-mutex             1.0                        cuda    pytorch
[conda] torchvision               0.13.1               py38_cu102    pytorch
        Pillow (9.2.0)

Traceback (most recent call last):
  File "train.py", line 237, in <module>
    main(args)
  File "train.py", line 152, in main
    wandb.init(project="Long-Tail visual recognition", entity="theamaya", config={}, run= args.run)
TypeError: init() got an unexpected keyword argument 'run'
